CRITICAL - 2024-08-31 00:24:57 --> ErrorException: Undefined variable $id
[Method: GET, Route: homepage]
in APPPATH\Views\Homepage.php on line 1.
 1 APPPATH\Views\Homepage.php(1): CodeIgniter\Debug\Exceptions->errorHandler(2, 'Undefined variable $id', 'D:\\laragon\\www\\AdvanceData\\app\\Views\\Homepage.php', 1)
 2 SYSTEMPATH\View\View.php(234): include('D:\\laragon\\www\\AdvanceData\\app\\Views\\Homepage.php')
 3 SYSTEMPATH\View\View.php(237): CodeIgniter\View\View->CodeIgniter\View\{closure}()
 4 SYSTEMPATH\Common.php(1169): CodeIgniter\View\View->render('homepage', [], true)
 5 APPPATH\Controllers\Home.php(13): view('homepage')
 6 SYSTEMPATH\CodeIgniter.php(933): App\Controllers\Home->homepage()
 7 SYSTEMPATH\CodeIgniter.php(509): CodeIgniter\CodeIgniter->runController(Object(App\Controllers\Home))
 8 SYSTEMPATH\CodeIgniter.php(355): CodeIgniter\CodeIgniter->handleRequest(null, Object(Config\Cache), false)
 9 SYSTEMPATH\Boot.php(325): CodeIgniter\CodeIgniter->run()
10 SYSTEMPATH\Boot.php(67): CodeIgniter\Boot::runCodeIgniter(Object(CodeIgniter\CodeIgniter))
11 FCPATH\index.php(56): CodeIgniter\Boot::bootWeb(Object(Config\Paths))
12 SYSTEMPATH\rewrite.php(44): require_once('D:\\laragon\\www\\AdvanceData\\public\\index.php')
CRITICAL - 2024-08-31 00:24:57 --> ErrorException: Undefined variable $id
[Method: GET, Route: homepage]
in APPPATH\Views\Homepage.php on line 1.
 1 APPPATH\Views\Homepage.php(1): CodeIgniter\Debug\Exceptions->errorHandler(2, 'Undefined variable $id', 'D:\\laragon\\www\\AdvanceData\\app\\Views\\Homepage.php', 1)
 2 SYSTEMPATH\View\View.php(234): include('D:\\laragon\\www\\AdvanceData\\app\\Views\\Homepage.php')
 3 SYSTEMPATH\View\View.php(237): CodeIgniter\View\View->CodeIgniter\View\{closure}()
 4 SYSTEMPATH\Common.php(1169): CodeIgniter\View\View->render('homepage', [], true)
 5 APPPATH\Controllers\Home.php(13): view('homepage')
 6 SYSTEMPATH\CodeIgniter.php(933): App\Controllers\Home->homepage()
 7 SYSTEMPATH\CodeIgniter.php(509): CodeIgniter\CodeIgniter->runController(Object(App\Controllers\Home))
 8 SYSTEMPATH\CodeIgniter.php(355): CodeIgniter\CodeIgniter->handleRequest(null, Object(Config\Cache), false)
 9 SYSTEMPATH\Boot.php(325): CodeIgniter\CodeIgniter->run()
10 SYSTEMPATH\Boot.php(67): CodeIgniter\Boot::runCodeIgniter(Object(CodeIgniter\CodeIgniter))
11 FCPATH\index.php(56): CodeIgniter\Boot::bootWeb(Object(Config\Paths))
12 SYSTEMPATH\rewrite.php(44): require_once('D:\\laragon\\www\\AdvanceData\\public\\index.php')
CRITICAL - 2024-08-31 01:35:50 --> ErrorException: Undefined variable $id
[Method: GET, Route: homepage]
in APPPATH\Views\Homepage.php on line 1.
 1 APPPATH\Views\Homepage.php(1): CodeIgniter\Debug\Exceptions->errorHandler(2, 'Undefined variable $id', 'D:\\laragon\\www\\AdvanceData\\app\\Views\\Homepage.php', 1)
 2 SYSTEMPATH\View\View.php(234): include('D:\\laragon\\www\\AdvanceData\\app\\Views\\Homepage.php')
 3 SYSTEMPATH\View\View.php(237): CodeIgniter\View\View->CodeIgniter\View\{closure}()
 4 SYSTEMPATH\Common.php(1169): CodeIgniter\View\View->render('homepage', [], true)
 5 APPPATH\Controllers\Home.php(13): view('homepage')
 6 SYSTEMPATH\CodeIgniter.php(933): App\Controllers\Home->homepage()
 7 SYSTEMPATH\CodeIgniter.php(509): CodeIgniter\CodeIgniter->runController(Object(App\Controllers\Home))
 8 SYSTEMPATH\CodeIgniter.php(355): CodeIgniter\CodeIgniter->handleRequest(null, Object(Config\Cache), false)
 9 SYSTEMPATH\Boot.php(325): CodeIgniter\CodeIgniter->run()
10 SYSTEMPATH\Boot.php(67): CodeIgniter\Boot::runCodeIgniter(Object(CodeIgniter\CodeIgniter))
11 FCPATH\index.php(56): CodeIgniter\Boot::bootWeb(Object(Config\Paths))
12 SYSTEMPATH\rewrite.php(44): require_once('D:\\laragon\\www\\AdvanceData\\public\\index.php')
CRITICAL - 2024-08-31 01:35:51 --> ErrorException: Undefined variable $id
[Method: GET, Route: homepage]
in APPPATH\Views\Homepage.php on line 1.
 1 APPPATH\Views\Homepage.php(1): CodeIgniter\Debug\Exceptions->errorHandler(2, 'Undefined variable $id', 'D:\\laragon\\www\\AdvanceData\\app\\Views\\Homepage.php', 1)
 2 SYSTEMPATH\View\View.php(234): include('D:\\laragon\\www\\AdvanceData\\app\\Views\\Homepage.php')
 3 SYSTEMPATH\View\View.php(237): CodeIgniter\View\View->CodeIgniter\View\{closure}()
 4 SYSTEMPATH\Common.php(1169): CodeIgniter\View\View->render('homepage', [], true)
 5 APPPATH\Controllers\Home.php(13): view('homepage')
 6 SYSTEMPATH\CodeIgniter.php(933): App\Controllers\Home->homepage()
 7 SYSTEMPATH\CodeIgniter.php(509): CodeIgniter\CodeIgniter->runController(Object(App\Controllers\Home))
 8 SYSTEMPATH\CodeIgniter.php(355): CodeIgniter\CodeIgniter->handleRequest(null, Object(Config\Cache), false)
 9 SYSTEMPATH\Boot.php(325): CodeIgniter\CodeIgniter->run()
10 SYSTEMPATH\Boot.php(67): CodeIgniter\Boot::runCodeIgniter(Object(CodeIgniter\CodeIgniter))
11 FCPATH\index.php(56): CodeIgniter\Boot::bootWeb(Object(Config\Paths))
12 SYSTEMPATH\rewrite.php(44): require_once('D:\\laragon\\www\\AdvanceData\\public\\index.php')
CRITICAL - 2024-08-31 01:36:08 --> ErrorException: Undefined variable $id
[Method: GET, Route: homepage]
in APPPATH\Views\Homepage.php on line 1.
 1 APPPATH\Views\Homepage.php(1): CodeIgniter\Debug\Exceptions->errorHandler(2, 'Undefined variable $id', 'D:\\laragon\\www\\AdvanceData\\app\\Views\\Homepage.php', 1)
 2 SYSTEMPATH\View\View.php(234): include('D:\\laragon\\www\\AdvanceData\\app\\Views\\Homepage.php')
 3 SYSTEMPATH\View\View.php(237): CodeIgniter\View\View->CodeIgniter\View\{closure}()
 4 SYSTEMPATH\Common.php(1169): CodeIgniter\View\View->render('homepage', [], true)
 5 APPPATH\Controllers\Home.php(13): view('homepage')
 6 SYSTEMPATH\CodeIgniter.php(933): App\Controllers\Home->homepage()
 7 SYSTEMPATH\CodeIgniter.php(509): CodeIgniter\CodeIgniter->runController(Object(App\Controllers\Home))
 8 SYSTEMPATH\CodeIgniter.php(355): CodeIgniter\CodeIgniter->handleRequest(null, Object(Config\Cache), false)
 9 SYSTEMPATH\Boot.php(325): CodeIgniter\CodeIgniter->run()
10 SYSTEMPATH\Boot.php(67): CodeIgniter\Boot::runCodeIgniter(Object(CodeIgniter\CodeIgniter))
11 FCPATH\index.php(56): CodeIgniter\Boot::bootWeb(Object(Config\Paths))
12 SYSTEMPATH\rewrite.php(44): require_once('D:\\laragon\\www\\AdvanceData\\public\\index.php')
CRITICAL - 2024-08-31 01:36:26 --> ErrorException: Undefined variable $id
[Method: GET, Route: homepage]
in APPPATH\Views\Homepage.php on line 1.
 1 APPPATH\Views\Homepage.php(1): CodeIgniter\Debug\Exceptions->errorHandler(2, 'Undefined variable $id', 'D:\\laragon\\www\\AdvanceData\\app\\Views\\Homepage.php', 1)
 2 SYSTEMPATH\View\View.php(234): include('D:\\laragon\\www\\AdvanceData\\app\\Views\\Homepage.php')
 3 SYSTEMPATH\View\View.php(237): CodeIgniter\View\View->CodeIgniter\View\{closure}()
 4 SYSTEMPATH\Common.php(1169): CodeIgniter\View\View->render('homepage', [], true)
 5 APPPATH\Controllers\Home.php(13): view('homepage')
 6 SYSTEMPATH\CodeIgniter.php(933): App\Controllers\Home->homepage()
 7 SYSTEMPATH\CodeIgniter.php(509): CodeIgniter\CodeIgniter->runController(Object(App\Controllers\Home))
 8 SYSTEMPATH\CodeIgniter.php(355): CodeIgniter\CodeIgniter->handleRequest(null, Object(Config\Cache), false)
 9 SYSTEMPATH\Boot.php(325): CodeIgniter\CodeIgniter->run()
10 SYSTEMPATH\Boot.php(67): CodeIgniter\Boot::runCodeIgniter(Object(CodeIgniter\CodeIgniter))
11 FCPATH\index.php(56): CodeIgniter\Boot::bootWeb(Object(Config\Paths))
12 SYSTEMPATH\rewrite.php(44): require_once('D:\\laragon\\www\\AdvanceData\\public\\index.php')
CRITICAL - 2024-08-31 01:36:38 --> ErrorException: Undefined variable $id
[Method: GET, Route: homepage]
in APPPATH\Views\Homepage.php on line 1.
 1 APPPATH\Views\Homepage.php(1): CodeIgniter\Debug\Exceptions->errorHandler(2, 'Undefined variable $id', 'D:\\laragon\\www\\AdvanceData\\app\\Views\\Homepage.php', 1)
 2 SYSTEMPATH\View\View.php(234): include('D:\\laragon\\www\\AdvanceData\\app\\Views\\Homepage.php')
 3 SYSTEMPATH\View\View.php(237): CodeIgniter\View\View->CodeIgniter\View\{closure}()
 4 SYSTEMPATH\Common.php(1169): CodeIgniter\View\View->render('homepage', [], true)
 5 APPPATH\Controllers\Home.php(13): view('homepage')
 6 SYSTEMPATH\CodeIgniter.php(933): App\Controllers\Home->homepage()
 7 SYSTEMPATH\CodeIgniter.php(509): CodeIgniter\CodeIgniter->runController(Object(App\Controllers\Home))
 8 SYSTEMPATH\CodeIgniter.php(355): CodeIgniter\CodeIgniter->handleRequest(null, Object(Config\Cache), false)
 9 SYSTEMPATH\Boot.php(325): CodeIgniter\CodeIgniter->run()
10 SYSTEMPATH\Boot.php(67): CodeIgniter\Boot::runCodeIgniter(Object(CodeIgniter\CodeIgniter))
11 FCPATH\index.php(56): CodeIgniter\Boot::bootWeb(Object(Config\Paths))
12 SYSTEMPATH\rewrite.php(44): require_once('D:\\laragon\\www\\AdvanceData\\public\\index.php')
CRITICAL - 2024-08-31 01:37:16 --> ErrorException: Undefined variable $id
[Method: GET, Route: homepage]
in APPPATH\Views\Homepage.php on line 1.
 1 APPPATH\Views\Homepage.php(1): CodeIgniter\Debug\Exceptions->errorHandler(2, 'Undefined variable $id', 'D:\\laragon\\www\\AdvanceData\\app\\Views\\Homepage.php', 1)
 2 SYSTEMPATH\View\View.php(234): include('D:\\laragon\\www\\AdvanceData\\app\\Views\\Homepage.php')
 3 SYSTEMPATH\View\View.php(237): CodeIgniter\View\View->CodeIgniter\View\{closure}()
 4 SYSTEMPATH\Common.php(1169): CodeIgniter\View\View->render('Homepage', [], true)
 5 APPPATH\Controllers\Home.php(13): view('Homepage')
 6 SYSTEMPATH\CodeIgniter.php(933): App\Controllers\Home->homepage()
 7 SYSTEMPATH\CodeIgniter.php(509): CodeIgniter\CodeIgniter->runController(Object(App\Controllers\Home))
 8 SYSTEMPATH\CodeIgniter.php(355): CodeIgniter\CodeIgniter->handleRequest(null, Object(Config\Cache), false)
 9 SYSTEMPATH\Boot.php(325): CodeIgniter\CodeIgniter->run()
10 SYSTEMPATH\Boot.php(67): CodeIgniter\Boot::runCodeIgniter(Object(CodeIgniter\CodeIgniter))
11 FCPATH\index.php(56): CodeIgniter\Boot::bootWeb(Object(Config\Paths))
12 SYSTEMPATH\rewrite.php(44): require_once('D:\\laragon\\www\\AdvanceData\\public\\index.php')
CRITICAL - 2024-08-31 01:37:17 --> ErrorException: Undefined variable $id
[Method: GET, Route: homepage]
in APPPATH\Views\Homepage.php on line 1.
 1 APPPATH\Views\Homepage.php(1): CodeIgniter\Debug\Exceptions->errorHandler(2, 'Undefined variable $id', 'D:\\laragon\\www\\AdvanceData\\app\\Views\\Homepage.php', 1)
 2 SYSTEMPATH\View\View.php(234): include('D:\\laragon\\www\\AdvanceData\\app\\Views\\Homepage.php')
 3 SYSTEMPATH\View\View.php(237): CodeIgniter\View\View->CodeIgniter\View\{closure}()
 4 SYSTEMPATH\Common.php(1169): CodeIgniter\View\View->render('Homepage', [], true)
 5 APPPATH\Controllers\Home.php(13): view('Homepage')
 6 SYSTEMPATH\CodeIgniter.php(933): App\Controllers\Home->homepage()
 7 SYSTEMPATH\CodeIgniter.php(509): CodeIgniter\CodeIgniter->runController(Object(App\Controllers\Home))
 8 SYSTEMPATH\CodeIgniter.php(355): CodeIgniter\CodeIgniter->handleRequest(null, Object(Config\Cache), false)
 9 SYSTEMPATH\Boot.php(325): CodeIgniter\CodeIgniter->run()
10 SYSTEMPATH\Boot.php(67): CodeIgniter\Boot::runCodeIgniter(Object(CodeIgniter\CodeIgniter))
11 FCPATH\index.php(56): CodeIgniter\Boot::bootWeb(Object(Config\Paths))
12 SYSTEMPATH\rewrite.php(44): require_once('D:\\laragon\\www\\AdvanceData\\public\\index.php')
CRITICAL - 2024-08-31 01:37:17 --> ErrorException: Undefined variable $id
[Method: GET, Route: homepage]
in APPPATH\Views\Homepage.php on line 1.
 1 APPPATH\Views\Homepage.php(1): CodeIgniter\Debug\Exceptions->errorHandler(2, 'Undefined variable $id', 'D:\\laragon\\www\\AdvanceData\\app\\Views\\Homepage.php', 1)
 2 SYSTEMPATH\View\View.php(234): include('D:\\laragon\\www\\AdvanceData\\app\\Views\\Homepage.php')
 3 SYSTEMPATH\View\View.php(237): CodeIgniter\View\View->CodeIgniter\View\{closure}()
 4 SYSTEMPATH\Common.php(1169): CodeIgniter\View\View->render('Homepage', [], true)
 5 APPPATH\Controllers\Home.php(13): view('Homepage')
 6 SYSTEMPATH\CodeIgniter.php(933): App\Controllers\Home->homepage()
 7 SYSTEMPATH\CodeIgniter.php(509): CodeIgniter\CodeIgniter->runController(Object(App\Controllers\Home))
 8 SYSTEMPATH\CodeIgniter.php(355): CodeIgniter\CodeIgniter->handleRequest(null, Object(Config\Cache), false)
 9 SYSTEMPATH\Boot.php(325): CodeIgniter\CodeIgniter->run()
10 SYSTEMPATH\Boot.php(67): CodeIgniter\Boot::runCodeIgniter(Object(CodeIgniter\CodeIgniter))
11 FCPATH\index.php(56): CodeIgniter\Boot::bootWeb(Object(Config\Paths))
12 SYSTEMPATH\rewrite.php(44): require_once('D:\\laragon\\www\\AdvanceData\\public\\index.php')
CRITICAL - 2024-08-31 01:37:17 --> ErrorException: Undefined variable $id
[Method: GET, Route: homepage]
in APPPATH\Views\Homepage.php on line 1.
 1 APPPATH\Views\Homepage.php(1): CodeIgniter\Debug\Exceptions->errorHandler(2, 'Undefined variable $id', 'D:\\laragon\\www\\AdvanceData\\app\\Views\\Homepage.php', 1)
 2 SYSTEMPATH\View\View.php(234): include('D:\\laragon\\www\\AdvanceData\\app\\Views\\Homepage.php')
 3 SYSTEMPATH\View\View.php(237): CodeIgniter\View\View->CodeIgniter\View\{closure}()
 4 SYSTEMPATH\Common.php(1169): CodeIgniter\View\View->render('Homepage', [], true)
 5 APPPATH\Controllers\Home.php(13): view('Homepage')
 6 SYSTEMPATH\CodeIgniter.php(933): App\Controllers\Home->homepage()
 7 SYSTEMPATH\CodeIgniter.php(509): CodeIgniter\CodeIgniter->runController(Object(App\Controllers\Home))
 8 SYSTEMPATH\CodeIgniter.php(355): CodeIgniter\CodeIgniter->handleRequest(null, Object(Config\Cache), false)
 9 SYSTEMPATH\Boot.php(325): CodeIgniter\CodeIgniter->run()
10 SYSTEMPATH\Boot.php(67): CodeIgniter\Boot::runCodeIgniter(Object(CodeIgniter\CodeIgniter))
11 FCPATH\index.php(56): CodeIgniter\Boot::bootWeb(Object(Config\Paths))
12 SYSTEMPATH\rewrite.php(44): require_once('D:\\laragon\\www\\AdvanceData\\public\\index.php')
CRITICAL - 2024-08-31 01:37:49 --> ErrorException: Undefined variable $id
[Method: GET, Route: homepage]
in APPPATH\Views\Homepage.php on line 1.
 1 APPPATH\Views\Homepage.php(1): CodeIgniter\Debug\Exceptions->errorHandler(2, 'Undefined variable $id', 'D:\\laragon\\www\\AdvanceData\\app\\Views\\Homepage.php', 1)
 2 SYSTEMPATH\View\View.php(234): include('D:\\laragon\\www\\AdvanceData\\app\\Views\\Homepage.php')
 3 SYSTEMPATH\View\View.php(237): CodeIgniter\View\View->CodeIgniter\View\{closure}()
 4 SYSTEMPATH\Common.php(1169): CodeIgniter\View\View->render('homepage', [], true)
 5 APPPATH\Controllers\Home.php(13): view('homepage')
 6 SYSTEMPATH\CodeIgniter.php(933): App\Controllers\Home->homepage()
 7 SYSTEMPATH\CodeIgniter.php(509): CodeIgniter\CodeIgniter->runController(Object(App\Controllers\Home))
 8 SYSTEMPATH\CodeIgniter.php(355): CodeIgniter\CodeIgniter->handleRequest(null, Object(Config\Cache), false)
 9 SYSTEMPATH\Boot.php(325): CodeIgniter\CodeIgniter->run()
10 SYSTEMPATH\Boot.php(67): CodeIgniter\Boot::runCodeIgniter(Object(CodeIgniter\CodeIgniter))
11 FCPATH\index.php(56): CodeIgniter\Boot::bootWeb(Object(Config\Paths))
12 SYSTEMPATH\rewrite.php(44): require_once('D:\\laragon\\www\\AdvanceData\\public\\index.php')
CRITICAL - 2024-08-31 01:37:50 --> ErrorException: Undefined variable $id
[Method: GET, Route: homepage]
in APPPATH\Views\Homepage.php on line 1.
 1 APPPATH\Views\Homepage.php(1): CodeIgniter\Debug\Exceptions->errorHandler(2, 'Undefined variable $id', 'D:\\laragon\\www\\AdvanceData\\app\\Views\\Homepage.php', 1)
 2 SYSTEMPATH\View\View.php(234): include('D:\\laragon\\www\\AdvanceData\\app\\Views\\Homepage.php')
 3 SYSTEMPATH\View\View.php(237): CodeIgniter\View\View->CodeIgniter\View\{closure}()
 4 SYSTEMPATH\Common.php(1169): CodeIgniter\View\View->render('homepage', [], true)
 5 APPPATH\Controllers\Home.php(13): view('homepage')
 6 SYSTEMPATH\CodeIgniter.php(933): App\Controllers\Home->homepage()
 7 SYSTEMPATH\CodeIgniter.php(509): CodeIgniter\CodeIgniter->runController(Object(App\Controllers\Home))
 8 SYSTEMPATH\CodeIgniter.php(355): CodeIgniter\CodeIgniter->handleRequest(null, Object(Config\Cache), false)
 9 SYSTEMPATH\Boot.php(325): CodeIgniter\CodeIgniter->run()
10 SYSTEMPATH\Boot.php(67): CodeIgniter\Boot::runCodeIgniter(Object(CodeIgniter\CodeIgniter))
11 FCPATH\index.php(56): CodeIgniter\Boot::bootWeb(Object(Config\Paths))
12 SYSTEMPATH\rewrite.php(44): require_once('D:\\laragon\\www\\AdvanceData\\public\\index.php')
CRITICAL - 2024-08-31 01:37:50 --> ErrorException: Undefined variable $id
[Method: GET, Route: homepage]
in APPPATH\Views\Homepage.php on line 1.
 1 APPPATH\Views\Homepage.php(1): CodeIgniter\Debug\Exceptions->errorHandler(2, 'Undefined variable $id', 'D:\\laragon\\www\\AdvanceData\\app\\Views\\Homepage.php', 1)
 2 SYSTEMPATH\View\View.php(234): include('D:\\laragon\\www\\AdvanceData\\app\\Views\\Homepage.php')
 3 SYSTEMPATH\View\View.php(237): CodeIgniter\View\View->CodeIgniter\View\{closure}()
 4 SYSTEMPATH\Common.php(1169): CodeIgniter\View\View->render('homepage', [], true)
 5 APPPATH\Controllers\Home.php(13): view('homepage')
 6 SYSTEMPATH\CodeIgniter.php(933): App\Controllers\Home->homepage()
 7 SYSTEMPATH\CodeIgniter.php(509): CodeIgniter\CodeIgniter->runController(Object(App\Controllers\Home))
 8 SYSTEMPATH\CodeIgniter.php(355): CodeIgniter\CodeIgniter->handleRequest(null, Object(Config\Cache), false)
 9 SYSTEMPATH\Boot.php(325): CodeIgniter\CodeIgniter->run()
10 SYSTEMPATH\Boot.php(67): CodeIgniter\Boot::runCodeIgniter(Object(CodeIgniter\CodeIgniter))
11 FCPATH\index.php(56): CodeIgniter\Boot::bootWeb(Object(Config\Paths))
12 SYSTEMPATH\rewrite.php(44): require_once('D:\\laragon\\www\\AdvanceData\\public\\index.php')
CRITICAL - 2024-08-31 01:37:50 --> ErrorException: Undefined variable $id
[Method: GET, Route: homepage]
in APPPATH\Views\Homepage.php on line 1.
 1 APPPATH\Views\Homepage.php(1): CodeIgniter\Debug\Exceptions->errorHandler(2, 'Undefined variable $id', 'D:\\laragon\\www\\AdvanceData\\app\\Views\\Homepage.php', 1)
 2 SYSTEMPATH\View\View.php(234): include('D:\\laragon\\www\\AdvanceData\\app\\Views\\Homepage.php')
 3 SYSTEMPATH\View\View.php(237): CodeIgniter\View\View->CodeIgniter\View\{closure}()
 4 SYSTEMPATH\Common.php(1169): CodeIgniter\View\View->render('homepage', [], true)
 5 APPPATH\Controllers\Home.php(13): view('homepage')
 6 SYSTEMPATH\CodeIgniter.php(933): App\Controllers\Home->homepage()
 7 SYSTEMPATH\CodeIgniter.php(509): CodeIgniter\CodeIgniter->runController(Object(App\Controllers\Home))
 8 SYSTEMPATH\CodeIgniter.php(355): CodeIgniter\CodeIgniter->handleRequest(null, Object(Config\Cache), false)
 9 SYSTEMPATH\Boot.php(325): CodeIgniter\CodeIgniter->run()
10 SYSTEMPATH\Boot.php(67): CodeIgniter\Boot::runCodeIgniter(Object(CodeIgniter\CodeIgniter))
11 FCPATH\index.php(56): CodeIgniter\Boot::bootWeb(Object(Config\Paths))
12 SYSTEMPATH\rewrite.php(44): require_once('D:\\laragon\\www\\AdvanceData\\public\\index.php')
CRITICAL - 2024-08-31 02:43:37 --> ErrorException: Undefined variable $user
[Method: GET, Route: user]
in APPPATH\Views\users_Mgt.php on line 27.
 1 APPPATH\Views\users_Mgt.php(27): CodeIgniter\Debug\Exceptions->errorHandler(2, 'Undefined variable $user', 'D:\\laragon\\www\\AdvanceData\\app\\Views\\users_Mgt.php', 27)
 2 SYSTEMPATH\View\View.php(234): include('D:\\laragon\\www\\AdvanceData\\app\\Views\\users_Mgt.php')
 3 SYSTEMPATH\View\View.php(237): CodeIgniter\View\View->CodeIgniter\View\{closure}()
 4 SYSTEMPATH\Common.php(1169): CodeIgniter\View\View->render('users_Mgt', [], true)
 5 APPPATH\Controllers\Users.php(15): view('users_Mgt', [...])
 6 SYSTEMPATH\CodeIgniter.php(933): App\Controllers\Users->userMgt()
 7 SYSTEMPATH\CodeIgniter.php(509): CodeIgniter\CodeIgniter->runController(Object(App\Controllers\Users))
 8 SYSTEMPATH\CodeIgniter.php(355): CodeIgniter\CodeIgniter->handleRequest(null, Object(Config\Cache), false)
 9 SYSTEMPATH\Boot.php(325): CodeIgniter\CodeIgniter->run()
10 SYSTEMPATH\Boot.php(67): CodeIgniter\Boot::runCodeIgniter(Object(CodeIgniter\CodeIgniter))
11 FCPATH\index.php(56): CodeIgniter\Boot::bootWeb(Object(Config\Paths))
12 SYSTEMPATH\rewrite.php(44): require_once('D:\\laragon\\www\\AdvanceData\\public\\index.php')
CRITICAL - 2024-08-31 02:43:56 --> ErrorException: Undefined variable $user
[Method: GET, Route: user]
in APPPATH\Views\users_Mgt.php on line 27.
 1 APPPATH\Views\users_Mgt.php(27): CodeIgniter\Debug\Exceptions->errorHandler(2, 'Undefined variable $user', 'D:\\laragon\\www\\AdvanceData\\app\\Views\\users_Mgt.php', 27)
 2 SYSTEMPATH\View\View.php(234): include('D:\\laragon\\www\\AdvanceData\\app\\Views\\users_Mgt.php')
 3 SYSTEMPATH\View\View.php(237): CodeIgniter\View\View->CodeIgniter\View\{closure}()
 4 SYSTEMPATH\Common.php(1169): CodeIgniter\View\View->render('users_Mgt', [], true)
 5 APPPATH\Controllers\Users.php(15): view('users_Mgt', [...])
 6 SYSTEMPATH\CodeIgniter.php(933): App\Controllers\Users->userMgt()
 7 SYSTEMPATH\CodeIgniter.php(509): CodeIgniter\CodeIgniter->runController(Object(App\Controllers\Users))
 8 SYSTEMPATH\CodeIgniter.php(355): CodeIgniter\CodeIgniter->handleRequest(null, Object(Config\Cache), false)
 9 SYSTEMPATH\Boot.php(325): CodeIgniter\CodeIgniter->run()
10 SYSTEMPATH\Boot.php(67): CodeIgniter\Boot::runCodeIgniter(Object(CodeIgniter\CodeIgniter))
11 FCPATH\index.php(56): CodeIgniter\Boot::bootWeb(Object(Config\Paths))
12 SYSTEMPATH\rewrite.php(44): require_once('D:\\laragon\\www\\AdvanceData\\public\\index.php')
CRITICAL - 2024-08-31 02:44:30 --> ErrorException: Undefined variable $userID
[Method: GET, Route: user]
in APPPATH\Views\users_Mgt.php on line 27.
 1 APPPATH\Views\users_Mgt.php(27): CodeIgniter\Debug\Exceptions->errorHandler(2, 'Undefined variable $userID', 'D:\\laragon\\www\\AdvanceData\\app\\Views\\users_Mgt.php', 27)
 2 SYSTEMPATH\View\View.php(234): include('D:\\laragon\\www\\AdvanceData\\app\\Views\\users_Mgt.php')
 3 SYSTEMPATH\View\View.php(237): CodeIgniter\View\View->CodeIgniter\View\{closure}()
 4 SYSTEMPATH\Common.php(1169): CodeIgniter\View\View->render('users_Mgt', [], true)
 5 APPPATH\Controllers\Users.php(15): view('users_Mgt', [...])
 6 SYSTEMPATH\CodeIgniter.php(933): App\Controllers\Users->userMgt()
 7 SYSTEMPATH\CodeIgniter.php(509): CodeIgniter\CodeIgniter->runController(Object(App\Controllers\Users))
 8 SYSTEMPATH\CodeIgniter.php(355): CodeIgniter\CodeIgniter->handleRequest(null, Object(Config\Cache), false)
 9 SYSTEMPATH\Boot.php(325): CodeIgniter\CodeIgniter->run()
10 SYSTEMPATH\Boot.php(67): CodeIgniter\Boot::runCodeIgniter(Object(CodeIgniter\CodeIgniter))
11 FCPATH\index.php(56): CodeIgniter\Boot::bootWeb(Object(Config\Paths))
12 SYSTEMPATH\rewrite.php(44): require_once('D:\\laragon\\www\\AdvanceData\\public\\index.php')
CRITICAL - 2024-08-31 02:45:58 --> ErrorException: Undefined variable $data
[Method: GET, Route: user]
in APPPATH\Views\users_Mgt.php on line 27.
 1 APPPATH\Views\users_Mgt.php(27): CodeIgniter\Debug\Exceptions->errorHandler(2, 'Undefined variable $data', 'D:\\laragon\\www\\AdvanceData\\app\\Views\\users_Mgt.php', 27)
 2 SYSTEMPATH\View\View.php(234): include('D:\\laragon\\www\\AdvanceData\\app\\Views\\users_Mgt.php')
 3 SYSTEMPATH\View\View.php(237): CodeIgniter\View\View->CodeIgniter\View\{closure}()
 4 SYSTEMPATH\Common.php(1169): CodeIgniter\View\View->render('users_Mgt', [], true)
 5 APPPATH\Controllers\Users.php(15): view('users_Mgt', [...])
 6 SYSTEMPATH\CodeIgniter.php(933): App\Controllers\Users->userMgt()
 7 SYSTEMPATH\CodeIgniter.php(509): CodeIgniter\CodeIgniter->runController(Object(App\Controllers\Users))
 8 SYSTEMPATH\CodeIgniter.php(355): CodeIgniter\CodeIgniter->handleRequest(null, Object(Config\Cache), false)
 9 SYSTEMPATH\Boot.php(325): CodeIgniter\CodeIgniter->run()
10 SYSTEMPATH\Boot.php(67): CodeIgniter\Boot::runCodeIgniter(Object(CodeIgniter\CodeIgniter))
11 FCPATH\index.php(56): CodeIgniter\Boot::bootWeb(Object(Config\Paths))
12 SYSTEMPATH\rewrite.php(44): require_once('D:\\laragon\\www\\AdvanceData\\public\\index.php')
CRITICAL - 2024-08-31 02:48:15 --> ErrorException: Undefined array key "ContactNo"
[Method: GET, Route: user]
in APPPATH\Views\users_Mgt.php on line 33.
 1 APPPATH\Views\users_Mgt.php(33): CodeIgniter\Debug\Exceptions->errorHandler(2, 'Undefined array key "ContactNo"', 'D:\\laragon\\www\\AdvanceData\\app\\Views\\users_Mgt.php', 33)
 2 SYSTEMPATH\View\View.php(234): include('D:\\laragon\\www\\AdvanceData\\app\\Views\\users_Mgt.php')
 3 SYSTEMPATH\View\View.php(237): CodeIgniter\View\View->CodeIgniter\View\{closure}()
 4 SYSTEMPATH\Common.php(1169): CodeIgniter\View\View->render('users_Mgt', [], true)
 5 APPPATH\Controllers\Users.php(15): view('users_Mgt', [...])
 6 SYSTEMPATH\CodeIgniter.php(933): App\Controllers\Users->userMgt()
 7 SYSTEMPATH\CodeIgniter.php(509): CodeIgniter\CodeIgniter->runController(Object(App\Controllers\Users))
 8 SYSTEMPATH\CodeIgniter.php(355): CodeIgniter\CodeIgniter->handleRequest(null, Object(Config\Cache), false)
 9 SYSTEMPATH\Boot.php(325): CodeIgniter\CodeIgniter->run()
10 SYSTEMPATH\Boot.php(67): CodeIgniter\Boot::runCodeIgniter(Object(CodeIgniter\CodeIgniter))
11 FCPATH\index.php(56): CodeIgniter\Boot::bootWeb(Object(Config\Paths))
12 SYSTEMPATH\rewrite.php(44): require_once('D:\\laragon\\www\\AdvanceData\\public\\index.php')
CRITICAL - 2024-08-31 02:48:27 --> ErrorException: Undefined array key "ContactNO"
[Method: GET, Route: user]
in APPPATH\Views\users_Mgt.php on line 33.
 1 APPPATH\Views\users_Mgt.php(33): CodeIgniter\Debug\Exceptions->errorHandler(2, 'Undefined array key "ContactNO"', 'D:\\laragon\\www\\AdvanceData\\app\\Views\\users_Mgt.php', 33)
 2 SYSTEMPATH\View\View.php(234): include('D:\\laragon\\www\\AdvanceData\\app\\Views\\users_Mgt.php')
 3 SYSTEMPATH\View\View.php(237): CodeIgniter\View\View->CodeIgniter\View\{closure}()
 4 SYSTEMPATH\Common.php(1169): CodeIgniter\View\View->render('users_Mgt', [], true)
 5 APPPATH\Controllers\Users.php(15): view('users_Mgt', [...])
 6 SYSTEMPATH\CodeIgniter.php(933): App\Controllers\Users->userMgt()
 7 SYSTEMPATH\CodeIgniter.php(509): CodeIgniter\CodeIgniter->runController(Object(App\Controllers\Users))
 8 SYSTEMPATH\CodeIgniter.php(355): CodeIgniter\CodeIgniter->handleRequest(null, Object(Config\Cache), false)
 9 SYSTEMPATH\Boot.php(325): CodeIgniter\CodeIgniter->run()
10 SYSTEMPATH\Boot.php(67): CodeIgniter\Boot::runCodeIgniter(Object(CodeIgniter\CodeIgniter))
11 FCPATH\index.php(56): CodeIgniter\Boot::bootWeb(Object(Config\Paths))
12 SYSTEMPATH\rewrite.php(44): require_once('D:\\laragon\\www\\AdvanceData\\public\\index.php')
CRITICAL - 2024-08-31 02:48:36 --> ErrorException: Undefined array key "ContactNO"
[Method: GET, Route: user]
in APPPATH\Views\users_Mgt.php on line 33.
 1 APPPATH\Views\users_Mgt.php(33): CodeIgniter\Debug\Exceptions->errorHandler(2, 'Undefined array key "ContactNO"', 'D:\\laragon\\www\\AdvanceData\\app\\Views\\users_Mgt.php', 33)
 2 SYSTEMPATH\View\View.php(234): include('D:\\laragon\\www\\AdvanceData\\app\\Views\\users_Mgt.php')
 3 SYSTEMPATH\View\View.php(237): CodeIgniter\View\View->CodeIgniter\View\{closure}()
 4 SYSTEMPATH\Common.php(1169): CodeIgniter\View\View->render('users_Mgt', [], true)
 5 APPPATH\Controllers\Users.php(15): view('users_Mgt', [...])
 6 SYSTEMPATH\CodeIgniter.php(933): App\Controllers\Users->userMgt()
 7 SYSTEMPATH\CodeIgniter.php(509): CodeIgniter\CodeIgniter->runController(Object(App\Controllers\Users))
 8 SYSTEMPATH\CodeIgniter.php(355): CodeIgniter\CodeIgniter->handleRequest(null, Object(Config\Cache), false)
 9 SYSTEMPATH\Boot.php(325): CodeIgniter\CodeIgniter->run()
10 SYSTEMPATH\Boot.php(67): CodeIgniter\Boot::runCodeIgniter(Object(CodeIgniter\CodeIgniter))
11 FCPATH\index.php(56): CodeIgniter\Boot::bootWeb(Object(Config\Paths))
12 SYSTEMPATH\rewrite.php(44): require_once('D:\\laragon\\www\\AdvanceData\\public\\index.php')
CRITICAL - 2024-08-31 02:48:38 --> ErrorException: Undefined array key "ContactNO"
[Method: GET, Route: user]
in APPPATH\Views\users_Mgt.php on line 33.
 1 APPPATH\Views\users_Mgt.php(33): CodeIgniter\Debug\Exceptions->errorHandler(2, 'Undefined array key "ContactNO"', 'D:\\laragon\\www\\AdvanceData\\app\\Views\\users_Mgt.php', 33)
 2 SYSTEMPATH\View\View.php(234): include('D:\\laragon\\www\\AdvanceData\\app\\Views\\users_Mgt.php')
 3 SYSTEMPATH\View\View.php(237): CodeIgniter\View\View->CodeIgniter\View\{closure}()
 4 SYSTEMPATH\Common.php(1169): CodeIgniter\View\View->render('users_Mgt', [], true)
 5 APPPATH\Controllers\Users.php(15): view('users_Mgt', [...])
 6 SYSTEMPATH\CodeIgniter.php(933): App\Controllers\Users->userMgt()
 7 SYSTEMPATH\CodeIgniter.php(509): CodeIgniter\CodeIgniter->runController(Object(App\Controllers\Users))
 8 SYSTEMPATH\CodeIgniter.php(355): CodeIgniter\CodeIgniter->handleRequest(null, Object(Config\Cache), false)
 9 SYSTEMPATH\Boot.php(325): CodeIgniter\CodeIgniter->run()
10 SYSTEMPATH\Boot.php(67): CodeIgniter\Boot::runCodeIgniter(Object(CodeIgniter\CodeIgniter))
11 FCPATH\index.php(56): CodeIgniter\Boot::bootWeb(Object(Config\Paths))
12 SYSTEMPATH\rewrite.php(44): require_once('D:\\laragon\\www\\AdvanceData\\public\\index.php')
CRITICAL - 2024-08-31 02:48:53 --> ErrorException: Undefined array key "ContactNO"
[Method: GET, Route: user]
in APPPATH\Views\users_Mgt.php on line 33.
 1 APPPATH\Views\users_Mgt.php(33): CodeIgniter\Debug\Exceptions->errorHandler(2, 'Undefined array key "ContactNO"', 'D:\\laragon\\www\\AdvanceData\\app\\Views\\users_Mgt.php', 33)
 2 SYSTEMPATH\View\View.php(234): include('D:\\laragon\\www\\AdvanceData\\app\\Views\\users_Mgt.php')
 3 SYSTEMPATH\View\View.php(237): CodeIgniter\View\View->CodeIgniter\View\{closure}()
 4 SYSTEMPATH\Common.php(1169): CodeIgniter\View\View->render('users_Mgt', [], true)
 5 APPPATH\Controllers\Users.php(15): view('users_Mgt', [...])
 6 SYSTEMPATH\CodeIgniter.php(933): App\Controllers\Users->userMgt()
 7 SYSTEMPATH\CodeIgniter.php(509): CodeIgniter\CodeIgniter->runController(Object(App\Controllers\Users))
 8 SYSTEMPATH\CodeIgniter.php(355): CodeIgniter\CodeIgniter->handleRequest(null, Object(Config\Cache), false)
 9 SYSTEMPATH\Boot.php(325): CodeIgniter\CodeIgniter->run()
10 SYSTEMPATH\Boot.php(67): CodeIgniter\Boot::runCodeIgniter(Object(CodeIgniter\CodeIgniter))
11 FCPATH\index.php(56): CodeIgniter\Boot::bootWeb(Object(Config\Paths))
12 SYSTEMPATH\rewrite.php(44): require_once('D:\\laragon\\www\\AdvanceData\\public\\index.php')
CRITICAL - 2024-08-31 02:49:23 --> ErrorException: Undefined array key "ContactNo"
[Method: GET, Route: user]
in APPPATH\Views\users_Mgt.php on line 33.
 1 APPPATH\Views\users_Mgt.php(33): CodeIgniter\Debug\Exceptions->errorHandler(2, 'Undefined array key "ContactNo"', 'D:\\laragon\\www\\AdvanceData\\app\\Views\\users_Mgt.php', 33)
 2 SYSTEMPATH\View\View.php(234): include('D:\\laragon\\www\\AdvanceData\\app\\Views\\users_Mgt.php')
 3 SYSTEMPATH\View\View.php(237): CodeIgniter\View\View->CodeIgniter\View\{closure}()
 4 SYSTEMPATH\Common.php(1169): CodeIgniter\View\View->render('users_Mgt', [], true)
 5 APPPATH\Controllers\Users.php(15): view('users_Mgt', [...])
 6 SYSTEMPATH\CodeIgniter.php(933): App\Controllers\Users->userMgt()
 7 SYSTEMPATH\CodeIgniter.php(509): CodeIgniter\CodeIgniter->runController(Object(App\Controllers\Users))
 8 SYSTEMPATH\CodeIgniter.php(355): CodeIgniter\CodeIgniter->handleRequest(null, Object(Config\Cache), false)
 9 SYSTEMPATH\Boot.php(325): CodeIgniter\CodeIgniter->run()
10 SYSTEMPATH\Boot.php(67): CodeIgniter\Boot::runCodeIgniter(Object(CodeIgniter\CodeIgniter))
11 FCPATH\index.php(56): CodeIgniter\Boot::bootWeb(Object(Config\Paths))
12 SYSTEMPATH\rewrite.php(44): require_once('D:\\laragon\\www\\AdvanceData\\public\\index.php')
CRITICAL - 2024-08-31 02:49:24 --> ErrorException: Undefined array key "ContactNo"
[Method: GET, Route: user]
in APPPATH\Views\users_Mgt.php on line 33.
 1 APPPATH\Views\users_Mgt.php(33): CodeIgniter\Debug\Exceptions->errorHandler(2, 'Undefined array key "ContactNo"', 'D:\\laragon\\www\\AdvanceData\\app\\Views\\users_Mgt.php', 33)
 2 SYSTEMPATH\View\View.php(234): include('D:\\laragon\\www\\AdvanceData\\app\\Views\\users_Mgt.php')
 3 SYSTEMPATH\View\View.php(237): CodeIgniter\View\View->CodeIgniter\View\{closure}()
 4 SYSTEMPATH\Common.php(1169): CodeIgniter\View\View->render('users_Mgt', [], true)
 5 APPPATH\Controllers\Users.php(15): view('users_Mgt', [...])
 6 SYSTEMPATH\CodeIgniter.php(933): App\Controllers\Users->userMgt()
 7 SYSTEMPATH\CodeIgniter.php(509): CodeIgniter\CodeIgniter->runController(Object(App\Controllers\Users))
 8 SYSTEMPATH\CodeIgniter.php(355): CodeIgniter\CodeIgniter->handleRequest(null, Object(Config\Cache), false)
 9 SYSTEMPATH\Boot.php(325): CodeIgniter\CodeIgniter->run()
10 SYSTEMPATH\Boot.php(67): CodeIgniter\Boot::runCodeIgniter(Object(CodeIgniter\CodeIgniter))
11 FCPATH\index.php(56): CodeIgniter\Boot::bootWeb(Object(Config\Paths))
12 SYSTEMPATH\rewrite.php(44): require_once('D:\\laragon\\www\\AdvanceData\\public\\index.php')
CRITICAL - 2024-08-31 02:49:24 --> ErrorException: Undefined array key "ContactNo"
[Method: GET, Route: user]
in APPPATH\Views\users_Mgt.php on line 33.
 1 APPPATH\Views\users_Mgt.php(33): CodeIgniter\Debug\Exceptions->errorHandler(2, 'Undefined array key "ContactNo"', 'D:\\laragon\\www\\AdvanceData\\app\\Views\\users_Mgt.php', 33)
 2 SYSTEMPATH\View\View.php(234): include('D:\\laragon\\www\\AdvanceData\\app\\Views\\users_Mgt.php')
 3 SYSTEMPATH\View\View.php(237): CodeIgniter\View\View->CodeIgniter\View\{closure}()
 4 SYSTEMPATH\Common.php(1169): CodeIgniter\View\View->render('users_Mgt', [], true)
 5 APPPATH\Controllers\Users.php(15): view('users_Mgt', [...])
 6 SYSTEMPATH\CodeIgniter.php(933): App\Controllers\Users->userMgt()
 7 SYSTEMPATH\CodeIgniter.php(509): CodeIgniter\CodeIgniter->runController(Object(App\Controllers\Users))
 8 SYSTEMPATH\CodeIgniter.php(355): CodeIgniter\CodeIgniter->handleRequest(null, Object(Config\Cache), false)
 9 SYSTEMPATH\Boot.php(325): CodeIgniter\CodeIgniter->run()
10 SYSTEMPATH\Boot.php(67): CodeIgniter\Boot::runCodeIgniter(Object(CodeIgniter\CodeIgniter))
11 FCPATH\index.php(56): CodeIgniter\Boot::bootWeb(Object(Config\Paths))
12 SYSTEMPATH\rewrite.php(44): require_once('D:\\laragon\\www\\AdvanceData\\public\\index.php')
CRITICAL - 2024-08-31 02:49:25 --> ErrorException: Undefined array key "ContactNo"
[Method: GET, Route: user]
in APPPATH\Views\users_Mgt.php on line 33.
 1 APPPATH\Views\users_Mgt.php(33): CodeIgniter\Debug\Exceptions->errorHandler(2, 'Undefined array key "ContactNo"', 'D:\\laragon\\www\\AdvanceData\\app\\Views\\users_Mgt.php', 33)
 2 SYSTEMPATH\View\View.php(234): include('D:\\laragon\\www\\AdvanceData\\app\\Views\\users_Mgt.php')
 3 SYSTEMPATH\View\View.php(237): CodeIgniter\View\View->CodeIgniter\View\{closure}()
 4 SYSTEMPATH\Common.php(1169): CodeIgniter\View\View->render('users_Mgt', [], true)
 5 APPPATH\Controllers\Users.php(15): view('users_Mgt', [...])
 6 SYSTEMPATH\CodeIgniter.php(933): App\Controllers\Users->userMgt()
 7 SYSTEMPATH\CodeIgniter.php(509): CodeIgniter\CodeIgniter->runController(Object(App\Controllers\Users))
 8 SYSTEMPATH\CodeIgniter.php(355): CodeIgniter\CodeIgniter->handleRequest(null, Object(Config\Cache), false)
 9 SYSTEMPATH\Boot.php(325): CodeIgniter\CodeIgniter->run()
10 SYSTEMPATH\Boot.php(67): CodeIgniter\Boot::runCodeIgniter(Object(CodeIgniter\CodeIgniter))
11 FCPATH\index.php(56): CodeIgniter\Boot::bootWeb(Object(Config\Paths))
12 SYSTEMPATH\rewrite.php(44): require_once('D:\\laragon\\www\\AdvanceData\\public\\index.php')
CRITICAL - 2024-08-31 02:49:25 --> ErrorException: Undefined array key "ContactNo"
[Method: GET, Route: user]
in APPPATH\Views\users_Mgt.php on line 33.
 1 APPPATH\Views\users_Mgt.php(33): CodeIgniter\Debug\Exceptions->errorHandler(2, 'Undefined array key "ContactNo"', 'D:\\laragon\\www\\AdvanceData\\app\\Views\\users_Mgt.php', 33)
 2 SYSTEMPATH\View\View.php(234): include('D:\\laragon\\www\\AdvanceData\\app\\Views\\users_Mgt.php')
 3 SYSTEMPATH\View\View.php(237): CodeIgniter\View\View->CodeIgniter\View\{closure}()
 4 SYSTEMPATH\Common.php(1169): CodeIgniter\View\View->render('users_Mgt', [], true)
 5 APPPATH\Controllers\Users.php(15): view('users_Mgt', [...])
 6 SYSTEMPATH\CodeIgniter.php(933): App\Controllers\Users->userMgt()
 7 SYSTEMPATH\CodeIgniter.php(509): CodeIgniter\CodeIgniter->runController(Object(App\Controllers\Users))
 8 SYSTEMPATH\CodeIgniter.php(355): CodeIgniter\CodeIgniter->handleRequest(null, Object(Config\Cache), false)
 9 SYSTEMPATH\Boot.php(325): CodeIgniter\CodeIgniter->run()
10 SYSTEMPATH\Boot.php(67): CodeIgniter\Boot::runCodeIgniter(Object(CodeIgniter\CodeIgniter))
11 FCPATH\index.php(56): CodeIgniter\Boot::bootWeb(Object(Config\Paths))
12 SYSTEMPATH\rewrite.php(44): require_once('D:\\laragon\\www\\AdvanceData\\public\\index.php')
CRITICAL - 2024-08-31 02:50:14 --> ErrorException: Undefined array key "Status"
[Method: GET, Route: user]
in APPPATH\Views\users_Mgt.php on line 37.
 1 APPPATH\Views\users_Mgt.php(37): CodeIgniter\Debug\Exceptions->errorHandler(2, 'Undefined array key "Status"', 'D:\\laragon\\www\\AdvanceData\\app\\Views\\users_Mgt.php', 37)
 2 SYSTEMPATH\View\View.php(234): include('D:\\laragon\\www\\AdvanceData\\app\\Views\\users_Mgt.php')
 3 SYSTEMPATH\View\View.php(237): CodeIgniter\View\View->CodeIgniter\View\{closure}()
 4 SYSTEMPATH\Common.php(1169): CodeIgniter\View\View->render('users_Mgt', [], true)
 5 APPPATH\Controllers\Users.php(15): view('users_Mgt', [...])
 6 SYSTEMPATH\CodeIgniter.php(933): App\Controllers\Users->userMgt()
 7 SYSTEMPATH\CodeIgniter.php(509): CodeIgniter\CodeIgniter->runController(Object(App\Controllers\Users))
 8 SYSTEMPATH\CodeIgniter.php(355): CodeIgniter\CodeIgniter->handleRequest(null, Object(Config\Cache), false)
 9 SYSTEMPATH\Boot.php(325): CodeIgniter\CodeIgniter->run()
10 SYSTEMPATH\Boot.php(67): CodeIgniter\Boot::runCodeIgniter(Object(CodeIgniter\CodeIgniter))
11 FCPATH\index.php(56): CodeIgniter\Boot::bootWeb(Object(Config\Paths))
12 SYSTEMPATH\rewrite.php(44): require_once('D:\\laragon\\www\\AdvanceData\\public\\index.php')
