CRITICAL - 2024-08-30 11:02:07 --> ErrorException: Undefined variable $id
[Method: GET, Route: homepage]
in APPPATH\Views\Homepage.php on line 1.
 1 APPPATH\Views\Homepage.php(1): CodeIgniter\Debug\Exceptions->errorHandler(2, 'Undefined variable $id', 'D:\\laragon\\www\\AdvanceData\\app\\Views\\Homepage.php', 1)
 2 SYSTEMPATH\View\View.php(234): include('D:\\laragon\\www\\AdvanceData\\app\\Views\\Homepage.php')
 3 SYSTEMPATH\View\View.php(237): CodeIgniter\View\View->CodeIgniter\View\{closure}()
 4 SYSTEMPATH\Common.php(1169): CodeIgniter\View\View->render('homepage', [], true)
 5 APPPATH\Controllers\Home.php(13): view('homepage')
 6 SYSTEMPATH\CodeIgniter.php(933): App\Controllers\Home->homepage()
 7 SYSTEMPATH\CodeIgniter.php(509): CodeIgniter\CodeIgniter->runController(Object(App\Controllers\Home))
 8 SYSTEMPATH\CodeIgniter.php(355): CodeIgniter\CodeIgniter->handleRequest(null, Object(Config\Cache), false)
 9 SYSTEMPATH\Boot.php(325): CodeIgniter\CodeIgniter->run()
10 SYSTEMPATH\Boot.php(67): CodeIgniter\Boot::runCodeIgniter(Object(CodeIgniter\CodeIgniter))
11 FCPATH\index.php(56): CodeIgniter\Boot::bootWeb(Object(Config\Paths))
12 SYSTEMPATH\rewrite.php(44): require_once('D:\\laragon\\www\\AdvanceData\\public\\index.php')
CRITICAL - 2024-08-30 11:02:25 --> ErrorException: Undefined variable $id
[Method: GET, Route: homepage]
in APPPATH\Views\Homepage.php on line 1.
 1 APPPATH\Views\Homepage.php(1): CodeIgniter\Debug\Exceptions->errorHandler(2, 'Undefined variable $id', 'D:\\laragon\\www\\AdvanceData\\app\\Views\\Homepage.php', 1)
 2 SYSTEMPATH\View\View.php(234): include('D:\\laragon\\www\\AdvanceData\\app\\Views\\Homepage.php')
 3 SYSTEMPATH\View\View.php(237): CodeIgniter\View\View->CodeIgniter\View\{closure}()
 4 SYSTEMPATH\Common.php(1169): CodeIgniter\View\View->render('homepage', [], true)
 5 APPPATH\Controllers\Home.php(13): view('homepage')
 6 SYSTEMPATH\CodeIgniter.php(933): App\Controllers\Home->homepage()
 7 SYSTEMPATH\CodeIgniter.php(509): CodeIgniter\CodeIgniter->runController(Object(App\Controllers\Home))
 8 SYSTEMPATH\CodeIgniter.php(355): CodeIgniter\CodeIgniter->handleRequest(null, Object(Config\Cache), false)
 9 SYSTEMPATH\Boot.php(325): CodeIgniter\CodeIgniter->run()
10 SYSTEMPATH\Boot.php(67): CodeIgniter\Boot::runCodeIgniter(Object(CodeIgniter\CodeIgniter))
11 FCPATH\index.php(56): CodeIgniter\Boot::bootWeb(Object(Config\Paths))
12 SYSTEMPATH\rewrite.php(44): require_once('D:\\laragon\\www\\AdvanceData\\public\\index.php')
CRITICAL - 2024-08-30 11:02:26 --> ErrorException: Undefined variable $id
[Method: GET, Route: homepage]
in APPPATH\Views\Homepage.php on line 1.
 1 APPPATH\Views\Homepage.php(1): CodeIgniter\Debug\Exceptions->errorHandler(2, 'Undefined variable $id', 'D:\\laragon\\www\\AdvanceData\\app\\Views\\Homepage.php', 1)
 2 SYSTEMPATH\View\View.php(234): include('D:\\laragon\\www\\AdvanceData\\app\\Views\\Homepage.php')
 3 SYSTEMPATH\View\View.php(237): CodeIgniter\View\View->CodeIgniter\View\{closure}()
 4 SYSTEMPATH\Common.php(1169): CodeIgniter\View\View->render('homepage', [], true)
 5 APPPATH\Controllers\Home.php(13): view('homepage')
 6 SYSTEMPATH\CodeIgniter.php(933): App\Controllers\Home->homepage()
 7 SYSTEMPATH\CodeIgniter.php(509): CodeIgniter\CodeIgniter->runController(Object(App\Controllers\Home))
 8 SYSTEMPATH\CodeIgniter.php(355): CodeIgniter\CodeIgniter->handleRequest(null, Object(Config\Cache), false)
 9 SYSTEMPATH\Boot.php(325): CodeIgniter\CodeIgniter->run()
10 SYSTEMPATH\Boot.php(67): CodeIgniter\Boot::runCodeIgniter(Object(CodeIgniter\CodeIgniter))
11 FCPATH\index.php(56): CodeIgniter\Boot::bootWeb(Object(Config\Paths))
12 SYSTEMPATH\rewrite.php(44): require_once('D:\\laragon\\www\\AdvanceData\\public\\index.php')
CRITICAL - 2024-08-30 11:03:02 --> ErrorException: Undefined variable $id
[Method: GET, Route: homepage]
in APPPATH\Views\Homepage.php on line 1.
 1 APPPATH\Views\Homepage.php(1): CodeIgniter\Debug\Exceptions->errorHandler(2, 'Undefined variable $id', 'D:\\laragon\\www\\AdvanceData\\app\\Views\\Homepage.php', 1)
 2 SYSTEMPATH\View\View.php(234): include('D:\\laragon\\www\\AdvanceData\\app\\Views\\Homepage.php')
 3 SYSTEMPATH\View\View.php(237): CodeIgniter\View\View->CodeIgniter\View\{closure}()
 4 SYSTEMPATH\Common.php(1169): CodeIgniter\View\View->render('homepage', [], true)
 5 APPPATH\Controllers\Home.php(13): view('homepage')
 6 SYSTEMPATH\CodeIgniter.php(933): App\Controllers\Home->homepage()
 7 SYSTEMPATH\CodeIgniter.php(509): CodeIgniter\CodeIgniter->runController(Object(App\Controllers\Home))
 8 SYSTEMPATH\CodeIgniter.php(355): CodeIgniter\CodeIgniter->handleRequest(null, Object(Config\Cache), false)
 9 SYSTEMPATH\Boot.php(325): CodeIgniter\CodeIgniter->run()
10 SYSTEMPATH\Boot.php(67): CodeIgniter\Boot::runCodeIgniter(Object(CodeIgniter\CodeIgniter))
11 FCPATH\index.php(56): CodeIgniter\Boot::bootWeb(Object(Config\Paths))
12 SYSTEMPATH\rewrite.php(44): require_once('D:\\laragon\\www\\AdvanceData\\public\\index.php')
CRITICAL - 2024-08-30 11:05:18 --> ErrorException: Undefined variable $id
[Method: GET, Route: homepage/]
in APPPATH\Views\Homepage.php on line 1.
 1 APPPATH\Views\Homepage.php(1): CodeIgniter\Debug\Exceptions->errorHandler(2, 'Undefined variable $id', 'D:\\laragon\\www\\AdvanceData\\app\\Views\\Homepage.php', 1)
 2 SYSTEMPATH\View\View.php(234): include('D:\\laragon\\www\\AdvanceData\\app\\Views\\Homepage.php')
 3 SYSTEMPATH\View\View.php(237): CodeIgniter\View\View->CodeIgniter\View\{closure}()
 4 SYSTEMPATH\Common.php(1169): CodeIgniter\View\View->render('homepage', [], true)
 5 APPPATH\Controllers\Home.php(13): view('homepage')
 6 SYSTEMPATH\CodeIgniter.php(933): App\Controllers\Home->homepage()
 7 SYSTEMPATH\CodeIgniter.php(509): CodeIgniter\CodeIgniter->runController(Object(App\Controllers\Home))
 8 SYSTEMPATH\CodeIgniter.php(355): CodeIgniter\CodeIgniter->handleRequest(null, Object(Config\Cache), false)
 9 SYSTEMPATH\Boot.php(325): CodeIgniter\CodeIgniter->run()
10 SYSTEMPATH\Boot.php(67): CodeIgniter\Boot::runCodeIgniter(Object(CodeIgniter\CodeIgniter))
11 FCPATH\index.php(56): CodeIgniter\Boot::bootWeb(Object(Config\Paths))
12 SYSTEMPATH\rewrite.php(44): require_once('D:\\laragon\\www\\AdvanceData\\public\\index.php')
