ERROR - 2024-09-30 10:18:01 --> Error connecting to the database: mysqli_sql_exception: No connection could be made because the target machine actively refused it in C:\laragon\www\CODEIGNITER-4-CRUD-main\system\Database\MySQLi\Connection.php:187
Stack trace:
#0 C:\laragon\www\CODEIGNITER-4-CRUD-main\system\Database\MySQLi\Connection.php(187): mysqli->real_connect('localhost', 'root', '', 'lbms', 3306, '', 0)
#1 C:\laragon\www\CODEIGNITER-4-CRUD-main\system\Database\BaseConnection.php(421): CodeIgniter\Database\MySQLi\Connection->connect(false)
#2 C:\laragon\www\CODEIGNITER-4-CRUD-main\system\Database\BaseConnection.php(616): CodeIgniter\Database\BaseConnection->initialize()
#3 C:\laragon\www\CODEIGNITER-4-CRUD-main\system\Database\BaseBuilder.php(2340): CodeIgniter\Database\BaseConnection->query('INSERT INTO `tb...', Array, false)
#4 C:\laragon\www\CODEIGNITER-4-CRUD-main\system\Model.php(394): CodeIgniter\Database\BaseBuilder->insert()
#5 C:\laragon\www\CODEIGNITER-4-CRUD-main\system\BaseModel.php(840): CodeIgniter\Model->doInsert(Array)
#6 C:\laragon\www\CODEIGNITER-4-CRUD-main\system\Model.php(802): CodeIgniter\BaseModel->insert(Array, false)
#7 C:\laragon\www\CODEIGNITER-4-CRUD-main\system\BaseModel.php(751): CodeIgniter\Model->insert(Array, false)
#8 C:\laragon\www\CODEIGNITER-4-CRUD-main\app\Controllers\Home.php(59): CodeIgniter\BaseModel->save(Array)
#9 C:\laragon\www\CODEIGNITER-4-CRUD-main\system\CodeIgniter.php(933): App\Controllers\Home->actionInsert()
#10 C:\laragon\www\CODEIGNITER-4-CRUD-main\system\CodeIgniter.php(509): CodeIgniter\CodeIgniter->runController(Object(App\Controllers\Home))
#11 C:\laragon\www\CODEIGNITER-4-CRUD-main\system\CodeIgniter.php(355): CodeIgniter\CodeIgniter->handleRequest(NULL, Object(Config\Cache), false)
#12 C:\laragon\www\CODEIGNITER-4-CRUD-main\system\Boot.php(325): CodeIgniter\CodeIgniter->run()
#13 C:\laragon\www\CODEIGNITER-4-CRUD-main\system\Boot.php(67): CodeIgniter\Boot::runCodeIgniter(Object(CodeIgniter\CodeIgniter))
#14 C:\laragon\www\CODEIGNITER-4-CRUD-main\public\index.php(56): CodeIgniter\Boot::bootWeb(Object(Config\Paths))
#15 C:\laragon\www\CODEIGNITER-4-CRUD-main\system\rewrite.php(44): require_once('C:\\laragon\\www\\...')
#16 {main}

Next CodeIgniter\Database\Exceptions\DatabaseException: No connection could be made because the target machine actively refused it in C:\laragon\www\CODEIGNITER-4-CRUD-main\system\Database\MySQLi\Connection.php:231
Stack trace:
#0 C:\laragon\www\CODEIGNITER-4-CRUD-main\system\Database\BaseConnection.php(421): CodeIgniter\Database\MySQLi\Connection->connect(false)
#1 C:\laragon\www\CODEIGNITER-4-CRUD-main\system\Database\BaseConnection.php(616): CodeIgniter\Database\BaseConnection->initialize()
#2 C:\laragon\www\CODEIGNITER-4-CRUD-main\system\Database\BaseBuilder.php(2340): CodeIgniter\Database\BaseConnection->query('INSERT INTO `tb...', Array, false)
#3 C:\laragon\www\CODEIGNITER-4-CRUD-main\system\Model.php(394): CodeIgniter\Database\BaseBuilder->insert()
#4 C:\laragon\www\CODEIGNITER-4-CRUD-main\system\BaseModel.php(840): CodeIgniter\Model->doInsert(Array)
#5 C:\laragon\www\CODEIGNITER-4-CRUD-main\system\Model.php(802): CodeIgniter\BaseModel->insert(Array, false)
#6 C:\laragon\www\CODEIGNITER-4-CRUD-main\system\BaseModel.php(751): CodeIgniter\Model->insert(Array, false)
#7 C:\laragon\www\CODEIGNITER-4-CRUD-main\app\Controllers\Home.php(59): CodeIgniter\BaseModel->save(Array)
#8 C:\laragon\www\CODEIGNITER-4-CRUD-main\system\CodeIgniter.php(933): App\Controllers\Home->actionInsert()
#9 C:\laragon\www\CODEIGNITER-4-CRUD-main\system\CodeIgniter.php(509): CodeIgniter\CodeIgniter->runController(Object(App\Controllers\Home))
#10 C:\laragon\www\CODEIGNITER-4-CRUD-main\system\CodeIgniter.php(355): CodeIgniter\CodeIgniter->handleRequest(NULL, Object(Config\Cache), false)
#11 C:\laragon\www\CODEIGNITER-4-CRUD-main\system\Boot.php(325): CodeIgniter\CodeIgniter->run()
#12 C:\laragon\www\CODEIGNITER-4-CRUD-main\system\Boot.php(67): CodeIgniter\Boot::runCodeIgniter(Object(CodeIgniter\CodeIgniter))
#13 C:\laragon\www\CODEIGNITER-4-CRUD-main\public\index.php(56): CodeIgniter\Boot::bootWeb(Object(Config\Paths))
#14 C:\laragon\www\CODEIGNITER-4-CRUD-main\system\rewrite.php(44): require_once('C:\\laragon\\www\\...')
#15 {main}
CRITICAL - 2024-09-30 10:18:01 --> CodeIgniter\Database\Exceptions\DatabaseException: Unable to connect to the database.
Main connection [MySQLi]: No connection could be made because the target machine actively refused it
[Method: POST, Route: actionInsert]
in SYSTEMPATH\Database\BaseConnection.php on line 467.
 1 SYSTEMPATH\Database\BaseConnection.php(616): CodeIgniter\Database\BaseConnection->initialize()
 2 SYSTEMPATH\Database\BaseBuilder.php(2340): CodeIgniter\Database\BaseConnection->query('INSERT INTO `tbl_users` (`Fname`, `Lname`, `Mi`, `Bdate`, `Gender`, `Address`, `ContactNo`, `Email`, `Username`, `Password`, `Role`) VALUES (:Fname:, :Lname:, :Mi:, :Bdate:, :Gender:, :Address:, :ContactNo:, :Email:, :Username:, :Password:, :Role:)', [...], false)
 3 SYSTEMPATH\Model.php(394): CodeIgniter\Database\BaseBuilder->insert()
 4 SYSTEMPATH\BaseModel.php(840): CodeIgniter\Model->doInsert([...])
 5 SYSTEMPATH\Model.php(802): CodeIgniter\BaseModel->insert([...], false)
 6 SYSTEMPATH\BaseModel.php(751): CodeIgniter\Model->insert([...], false)
 7 APPPATH\Controllers\Home.php(59): CodeIgniter\BaseModel->save([...])
 8 SYSTEMPATH\CodeIgniter.php(933): App\Controllers\Home->actionInsert()
 9 SYSTEMPATH\CodeIgniter.php(509): CodeIgniter\CodeIgniter->runController(Object(App\Controllers\Home))
10 SYSTEMPATH\CodeIgniter.php(355): CodeIgniter\CodeIgniter->handleRequest(null, Object(Config\Cache), false)
11 SYSTEMPATH\Boot.php(325): CodeIgniter\CodeIgniter->run()
12 SYSTEMPATH\Boot.php(67): CodeIgniter\Boot::runCodeIgniter(Object(CodeIgniter\CodeIgniter))
13 FCPATH\index.php(56): CodeIgniter\Boot::bootWeb(Object(Config\Paths))
14 SYSTEMPATH\rewrite.php(44): require_once('C:\\laragon\\www\\CODEIGNITER-4-CRUD-main\\public\\index.php')
CRITICAL - 2024-09-30 11:04:14 --> ErrorException: Undefined array key "Status"
[Method: GET, Route: editUser/30]
in APPPATH\Views\edit_user.php on line 81.
 1 APPPATH\Views\edit_user.php(81): CodeIgniter\Debug\Exceptions->errorHandler(2, 'Undefined array key "Status"', 'C:\\laragon\\www\\CODEIGNITER-4-CRUD-main\\app\\Views\\edit_user.php', 81)
 2 SYSTEMPATH\View\View.php(234): include('C:\\laragon\\www\\CODEIGNITER-4-CRUD-main\\app\\Views\\edit_user.php')
 3 SYSTEMPATH\View\View.php(237): CodeIgniter\View\View->CodeIgniter\View\{closure}()
 4 SYSTEMPATH\Common.php(1169): CodeIgniter\View\View->render('edit_user', [], true)
 5 APPPATH\Controllers\Users.php(20): view('edit_user', [...])
 6 SYSTEMPATH\CodeIgniter.php(933): App\Controllers\Users->editUser('30')
 7 SYSTEMPATH\CodeIgniter.php(509): CodeIgniter\CodeIgniter->runController(Object(App\Controllers\Users))
 8 SYSTEMPATH\CodeIgniter.php(355): CodeIgniter\CodeIgniter->handleRequest(null, Object(Config\Cache), false)
 9 SYSTEMPATH\Boot.php(325): CodeIgniter\CodeIgniter->run()
10 SYSTEMPATH\Boot.php(67): CodeIgniter\Boot::runCodeIgniter(Object(CodeIgniter\CodeIgniter))
11 FCPATH\index.php(56): CodeIgniter\Boot::bootWeb(Object(Config\Paths))
12 SYSTEMPATH\rewrite.php(44): require_once('C:\\laragon\\www\\CODEIGNITER-4-CRUD-main\\public\\index.php')
CRITICAL - 2024-09-30 11:09:34 --> ErrorException: Undefined array key "Status"
[Method: GET, Route: editUser/3]
in APPPATH\Views\edit_user.php on line 82.
 1 APPPATH\Views\edit_user.php(82): CodeIgniter\Debug\Exceptions->errorHandler(2, 'Undefined array key "Status"', 'C:\\laragon\\www\\CODEIGNITER-4-CRUD-main\\app\\Views\\edit_user.php', 82)
 2 SYSTEMPATH\View\View.php(234): include('C:\\laragon\\www\\CODEIGNITER-4-CRUD-main\\app\\Views\\edit_user.php')
 3 SYSTEMPATH\View\View.php(237): CodeIgniter\View\View->CodeIgniter\View\{closure}()
 4 SYSTEMPATH\Common.php(1169): CodeIgniter\View\View->render('edit_user', [], true)
 5 APPPATH\Controllers\Users.php(20): view('edit_user', [...])
 6 SYSTEMPATH\CodeIgniter.php(933): App\Controllers\Users->editUser('3')
 7 SYSTEMPATH\CodeIgniter.php(509): CodeIgniter\CodeIgniter->runController(Object(App\Controllers\Users))
 8 SYSTEMPATH\CodeIgniter.php(355): CodeIgniter\CodeIgniter->handleRequest(null, Object(Config\Cache), false)
 9 SYSTEMPATH\Boot.php(325): CodeIgniter\CodeIgniter->run()
10 SYSTEMPATH\Boot.php(67): CodeIgniter\Boot::runCodeIgniter(Object(CodeIgniter\CodeIgniter))
11 FCPATH\index.php(56): CodeIgniter\Boot::bootWeb(Object(Config\Paths))
12 SYSTEMPATH\rewrite.php(44): require_once('C:\\laragon\\www\\CODEIGNITER-4-CRUD-main\\public\\index.php')
CRITICAL - 2024-09-30 11:09:54 --> ErrorException: Undefined array key "Status"
[Method: GET, Route: editUser/3]
in APPPATH\Views\edit_user.php on line 82.
 1 APPPATH\Views\edit_user.php(82): CodeIgniter\Debug\Exceptions->errorHandler(2, 'Undefined array key "Status"', 'C:\\laragon\\www\\CODEIGNITER-4-CRUD-main\\app\\Views\\edit_user.php', 82)
 2 SYSTEMPATH\View\View.php(234): include('C:\\laragon\\www\\CODEIGNITER-4-CRUD-main\\app\\Views\\edit_user.php')
 3 SYSTEMPATH\View\View.php(237): CodeIgniter\View\View->CodeIgniter\View\{closure}()
 4 SYSTEMPATH\Common.php(1169): CodeIgniter\View\View->render('edit_user', [], true)
 5 APPPATH\Controllers\Users.php(20): view('edit_user', [...])
 6 SYSTEMPATH\CodeIgniter.php(933): App\Controllers\Users->editUser('3')
 7 SYSTEMPATH\CodeIgniter.php(509): CodeIgniter\CodeIgniter->runController(Object(App\Controllers\Users))
 8 SYSTEMPATH\CodeIgniter.php(355): CodeIgniter\CodeIgniter->handleRequest(null, Object(Config\Cache), false)
 9 SYSTEMPATH\Boot.php(325): CodeIgniter\CodeIgniter->run()
10 SYSTEMPATH\Boot.php(67): CodeIgniter\Boot::runCodeIgniter(Object(CodeIgniter\CodeIgniter))
11 FCPATH\index.php(56): CodeIgniter\Boot::bootWeb(Object(Config\Paths))
12 SYSTEMPATH\rewrite.php(44): require_once('C:\\laragon\\www\\CODEIGNITER-4-CRUD-main\\public\\index.php')
CRITICAL - 2024-09-30 11:17:29 --> ParseError: syntax error, unexpected variable "$i"
[Method: GET, Route: user]
in APPPATH\Controllers\Users.php on line 49.
 1 SYSTEMPATH\Autoloader\Autoloader.php(296): CodeIgniter\Autoloader\Autoloader->includeFile('C:\\laragon\\www\\CODEIGNITER-4-CRUD-main\\app\\Controllers\\Users.php')
 2 SYSTEMPATH\Autoloader\Autoloader.php(272): CodeIgniter\Autoloader\Autoloader->loadInNamespace('App\\Controllers\\Users')
 3 [internal function]: CodeIgniter\Autoloader\Autoloader->loadClass('App\\Controllers\\Users')
 4 SYSTEMPATH\CodeIgniter.php(887): class_exists('\\App\\Controllers\\Users', true)
 5 SYSTEMPATH\CodeIgniter.php(496): CodeIgniter\CodeIgniter->startController()
 6 SYSTEMPATH\CodeIgniter.php(355): CodeIgniter\CodeIgniter->handleRequest(null, Object(Config\Cache), false)
 7 SYSTEMPATH\Boot.php(325): CodeIgniter\CodeIgniter->run()
 8 SYSTEMPATH\Boot.php(67): CodeIgniter\Boot::runCodeIgniter(Object(CodeIgniter\CodeIgniter))
 9 FCPATH\index.php(56): CodeIgniter\Boot::bootWeb(Object(Config\Paths))
10 SYSTEMPATH\rewrite.php(44): require_once('C:\\laragon\\www\\CODEIGNITER-4-CRUD-main\\public\\index.php')
CRITICAL - 2024-09-30 11:17:46 --> ErrorException: Undefined property: App\Controllers\Users::$input
[Method: POST, Route: updateUser]
in APPPATH\Controllers\Users.php on line 48.
 1 APPPATH\Controllers\Users.php(48): CodeIgniter\Debug\Exceptions->errorHandler(2, 'Undefined property: App\\Controllers\\Users::$input', 'C:\\laragon\\www\\CODEIGNITER-4-CRUD-main\\app\\Controllers\\Users.php', 48)
 2 SYSTEMPATH\CodeIgniter.php(933): App\Controllers\Users->updateUser()
 3 SYSTEMPATH\CodeIgniter.php(509): CodeIgniter\CodeIgniter->runController(Object(App\Controllers\Users))
 4 SYSTEMPATH\CodeIgniter.php(355): CodeIgniter\CodeIgniter->handleRequest(null, Object(Config\Cache), false)
 5 SYSTEMPATH\Boot.php(325): CodeIgniter\CodeIgniter->run()
 6 SYSTEMPATH\Boot.php(67): CodeIgniter\Boot::runCodeIgniter(Object(CodeIgniter\CodeIgniter))
 7 FCPATH\index.php(56): CodeIgniter\Boot::bootWeb(Object(Config\Paths))
 8 SYSTEMPATH\rewrite.php(44): require_once('C:\\laragon\\www\\CODEIGNITER-4-CRUD-main\\public\\index.php')
CRITICAL - 2024-09-30 11:39:20 --> ErrorException: Undefined variable $STATUS
[Method: POST, Route: actionInsert]
in APPPATH\Controllers\Home.php on line 58.
 1 APPPATH\Controllers\Home.php(58): CodeIgniter\Debug\Exceptions->errorHandler(2, 'Undefined variable $STATUS', 'C:\\laragon\\www\\CODEIGNITER-4-CRUD-main\\app\\Controllers\\Home.php', 58)
 2 SYSTEMPATH\CodeIgniter.php(933): App\Controllers\Home->actionInsert()
 3 SYSTEMPATH\CodeIgniter.php(509): CodeIgniter\CodeIgniter->runController(Object(App\Controllers\Home))
 4 SYSTEMPATH\CodeIgniter.php(355): CodeIgniter\CodeIgniter->handleRequest(null, Object(Config\Cache), false)
 5 SYSTEMPATH\Boot.php(325): CodeIgniter\CodeIgniter->run()
 6 SYSTEMPATH\Boot.php(67): CodeIgniter\Boot::runCodeIgniter(Object(CodeIgniter\CodeIgniter))
 7 FCPATH\index.php(56): CodeIgniter\Boot::bootWeb(Object(Config\Paths))
 8 SYSTEMPATH\rewrite.php(44): require_once('C:\\laragon\\www\\CODEIGNITER-4-CRUD-main\\public\\index.php')
CRITICAL - 2024-09-30 11:40:09 --> ErrorException: Undefined variable $STATUS
[Method: POST, Route: actionInsert]
in APPPATH\Controllers\Home.php on line 58.
 1 APPPATH\Controllers\Home.php(58): CodeIgniter\Debug\Exceptions->errorHandler(2, 'Undefined variable $STATUS', 'C:\\laragon\\www\\CODEIGNITER-4-CRUD-main\\app\\Controllers\\Home.php', 58)
 2 SYSTEMPATH\CodeIgniter.php(933): App\Controllers\Home->actionInsert()
 3 SYSTEMPATH\CodeIgniter.php(509): CodeIgniter\CodeIgniter->runController(Object(App\Controllers\Home))
 4 SYSTEMPATH\CodeIgniter.php(355): CodeIgniter\CodeIgniter->handleRequest(null, Object(Config\Cache), false)
 5 SYSTEMPATH\Boot.php(325): CodeIgniter\CodeIgniter->run()
 6 SYSTEMPATH\Boot.php(67): CodeIgniter\Boot::runCodeIgniter(Object(CodeIgniter\CodeIgniter))
 7 FCPATH\index.php(56): CodeIgniter\Boot::bootWeb(Object(Config\Paths))
 8 SYSTEMPATH\rewrite.php(44): require_once('C:\\laragon\\www\\CODEIGNITER-4-CRUD-main\\public\\index.php')
CRITICAL - 2024-09-30 11:40:13 --> ErrorException: Undefined variable $STATUS
[Method: POST, Route: actionInsert]
in APPPATH\Controllers\Home.php on line 58.
 1 APPPATH\Controllers\Home.php(58): CodeIgniter\Debug\Exceptions->errorHandler(2, 'Undefined variable $STATUS', 'C:\\laragon\\www\\CODEIGNITER-4-CRUD-main\\app\\Controllers\\Home.php', 58)
 2 SYSTEMPATH\CodeIgniter.php(933): App\Controllers\Home->actionInsert()
 3 SYSTEMPATH\CodeIgniter.php(509): CodeIgniter\CodeIgniter->runController(Object(App\Controllers\Home))
 4 SYSTEMPATH\CodeIgniter.php(355): CodeIgniter\CodeIgniter->handleRequest(null, Object(Config\Cache), false)
 5 SYSTEMPATH\Boot.php(325): CodeIgniter\CodeIgniter->run()
 6 SYSTEMPATH\Boot.php(67): CodeIgniter\Boot::runCodeIgniter(Object(CodeIgniter\CodeIgniter))
 7 FCPATH\index.php(56): CodeIgniter\Boot::bootWeb(Object(Config\Paths))
 8 SYSTEMPATH\rewrite.php(44): require_once('C:\\laragon\\www\\CODEIGNITER-4-CRUD-main\\public\\index.php')
CRITICAL - 2024-09-30 11:40:32 --> ErrorException: Undefined variable $STATUS
[Method: POST, Route: actionInsert]
in APPPATH\Controllers\Home.php on line 58.
 1 APPPATH\Controllers\Home.php(58): CodeIgniter\Debug\Exceptions->errorHandler(2, 'Undefined variable $STATUS', 'C:\\laragon\\www\\CODEIGNITER-4-CRUD-main\\app\\Controllers\\Home.php', 58)
 2 SYSTEMPATH\CodeIgniter.php(933): App\Controllers\Home->actionInsert()
 3 SYSTEMPATH\CodeIgniter.php(509): CodeIgniter\CodeIgniter->runController(Object(App\Controllers\Home))
 4 SYSTEMPATH\CodeIgniter.php(355): CodeIgniter\CodeIgniter->handleRequest(null, Object(Config\Cache), false)
 5 SYSTEMPATH\Boot.php(325): CodeIgniter\CodeIgniter->run()
 6 SYSTEMPATH\Boot.php(67): CodeIgniter\Boot::runCodeIgniter(Object(CodeIgniter\CodeIgniter))
 7 FCPATH\index.php(56): CodeIgniter\Boot::bootWeb(Object(Config\Paths))
 8 SYSTEMPATH\rewrite.php(44): require_once('C:\\laragon\\www\\CODEIGNITER-4-CRUD-main\\public\\index.php')
CRITICAL - 2024-09-30 11:40:59 --> ParseError: syntax error, unexpected single-quoted string "STATUS", expecting "]"
[Method: POST, Route: actionInsert]
in APPPATH\Models\UserLists.php on line 22.
 1 SYSTEMPATH\Autoloader\Autoloader.php(296): CodeIgniter\Autoloader\Autoloader->includeFile('C:\\laragon\\www\\CODEIGNITER-4-CRUD-main\\app\\Models\\UserLists.php')
 2 SYSTEMPATH\Autoloader\Autoloader.php(272): CodeIgniter\Autoloader\Autoloader->loadInNamespace('App\\Models\\UserLists')
 3 APPPATH\Controllers\Home.php(45): CodeIgniter\Autoloader\Autoloader->loadClass('App\\Models\\UserLists')
 4 SYSTEMPATH\CodeIgniter.php(933): App\Controllers\Home->actionInsert()
 5 SYSTEMPATH\CodeIgniter.php(509): CodeIgniter\CodeIgniter->runController(Object(App\Controllers\Home))
 6 SYSTEMPATH\CodeIgniter.php(355): CodeIgniter\CodeIgniter->handleRequest(null, Object(Config\Cache), false)
 7 SYSTEMPATH\Boot.php(325): CodeIgniter\CodeIgniter->run()
 8 SYSTEMPATH\Boot.php(67): CodeIgniter\Boot::runCodeIgniter(Object(CodeIgniter\CodeIgniter))
 9 FCPATH\index.php(56): CodeIgniter\Boot::bootWeb(Object(Config\Paths))
10 SYSTEMPATH\rewrite.php(44): require_once('C:\\laragon\\www\\CODEIGNITER-4-CRUD-main\\public\\index.php')
CRITICAL - 2024-09-30 11:41:19 --> ParseError: syntax error, unexpected single-quoted string "STATUS", expecting "]"
[Method: POST, Route: actionInsert]
in APPPATH\Models\UserLists.php on line 22.
 1 SYSTEMPATH\Autoloader\Autoloader.php(296): CodeIgniter\Autoloader\Autoloader->includeFile('C:\\laragon\\www\\CODEIGNITER-4-CRUD-main\\app\\Models\\UserLists.php')
 2 SYSTEMPATH\Autoloader\Autoloader.php(272): CodeIgniter\Autoloader\Autoloader->loadInNamespace('App\\Models\\UserLists')
 3 APPPATH\Controllers\Home.php(45): CodeIgniter\Autoloader\Autoloader->loadClass('App\\Models\\UserLists')
 4 SYSTEMPATH\CodeIgniter.php(933): App\Controllers\Home->actionInsert()
 5 SYSTEMPATH\CodeIgniter.php(509): CodeIgniter\CodeIgniter->runController(Object(App\Controllers\Home))
 6 SYSTEMPATH\CodeIgniter.php(355): CodeIgniter\CodeIgniter->handleRequest(null, Object(Config\Cache), false)
 7 SYSTEMPATH\Boot.php(325): CodeIgniter\CodeIgniter->run()
 8 SYSTEMPATH\Boot.php(67): CodeIgniter\Boot::runCodeIgniter(Object(CodeIgniter\CodeIgniter))
 9 FCPATH\index.php(56): CodeIgniter\Boot::bootWeb(Object(Config\Paths))
10 SYSTEMPATH\rewrite.php(44): require_once('C:\\laragon\\www\\CODEIGNITER-4-CRUD-main\\public\\index.php')
CRITICAL - 2024-09-30 11:41:25 --> ErrorException: Undefined variable $STATUS
[Method: POST, Route: actionInsert]
in APPPATH\Controllers\Home.php on line 58.
 1 APPPATH\Controllers\Home.php(58): CodeIgniter\Debug\Exceptions->errorHandler(2, 'Undefined variable $STATUS', 'C:\\laragon\\www\\CODEIGNITER-4-CRUD-main\\app\\Controllers\\Home.php', 58)
 2 SYSTEMPATH\CodeIgniter.php(933): App\Controllers\Home->actionInsert()
 3 SYSTEMPATH\CodeIgniter.php(509): CodeIgniter\CodeIgniter->runController(Object(App\Controllers\Home))
 4 SYSTEMPATH\CodeIgniter.php(355): CodeIgniter\CodeIgniter->handleRequest(null, Object(Config\Cache), false)
 5 SYSTEMPATH\Boot.php(325): CodeIgniter\CodeIgniter->run()
 6 SYSTEMPATH\Boot.php(67): CodeIgniter\Boot::runCodeIgniter(Object(CodeIgniter\CodeIgniter))
 7 FCPATH\index.php(56): CodeIgniter\Boot::bootWeb(Object(Config\Paths))
 8 SYSTEMPATH\rewrite.php(44): require_once('C:\\laragon\\www\\CODEIGNITER-4-CRUD-main\\public\\index.php')
CRITICAL - 2024-09-30 11:41:46 --> ParseError: syntax error, unexpected single-quoted string "STATUS", expecting "]"
[Method: POST, Route: actionInsert]
in APPPATH\Controllers\Home.php on line 58.
 1 SYSTEMPATH\Autoloader\Autoloader.php(296): CodeIgniter\Autoloader\Autoloader->includeFile('C:\\laragon\\www\\CODEIGNITER-4-CRUD-main\\app\\Controllers\\Home.php')
 2 SYSTEMPATH\Autoloader\Autoloader.php(272): CodeIgniter\Autoloader\Autoloader->loadInNamespace('App\\Controllers\\Home')
 3 [internal function]: CodeIgniter\Autoloader\Autoloader->loadClass('App\\Controllers\\Home')
 4 SYSTEMPATH\CodeIgniter.php(887): class_exists('\\App\\Controllers\\Home', true)
 5 SYSTEMPATH\CodeIgniter.php(496): CodeIgniter\CodeIgniter->startController()
 6 SYSTEMPATH\CodeIgniter.php(355): CodeIgniter\CodeIgniter->handleRequest(null, Object(Config\Cache), false)
 7 SYSTEMPATH\Boot.php(325): CodeIgniter\CodeIgniter->run()
 8 SYSTEMPATH\Boot.php(67): CodeIgniter\Boot::runCodeIgniter(Object(CodeIgniter\CodeIgniter))
 9 FCPATH\index.php(56): CodeIgniter\Boot::bootWeb(Object(Config\Paths))
10 SYSTEMPATH\rewrite.php(44): require_once('C:\\laragon\\www\\CODEIGNITER-4-CRUD-main\\public\\index.php')
CRITICAL - 2024-09-30 11:41:53 --> ErrorException: Undefined variable $STATUS
[Method: POST, Route: actionInsert]
in APPPATH\Controllers\Home.php on line 58.
 1 APPPATH\Controllers\Home.php(58): CodeIgniter\Debug\Exceptions->errorHandler(2, 'Undefined variable $STATUS', 'C:\\laragon\\www\\CODEIGNITER-4-CRUD-main\\app\\Controllers\\Home.php', 58)
 2 SYSTEMPATH\CodeIgniter.php(933): App\Controllers\Home->actionInsert()
 3 SYSTEMPATH\CodeIgniter.php(509): CodeIgniter\CodeIgniter->runController(Object(App\Controllers\Home))
 4 SYSTEMPATH\CodeIgniter.php(355): CodeIgniter\CodeIgniter->handleRequest(null, Object(Config\Cache), false)
 5 SYSTEMPATH\Boot.php(325): CodeIgniter\CodeIgniter->run()
 6 SYSTEMPATH\Boot.php(67): CodeIgniter\Boot::runCodeIgniter(Object(CodeIgniter\CodeIgniter))
 7 FCPATH\index.php(56): CodeIgniter\Boot::bootWeb(Object(Config\Paths))
 8 SYSTEMPATH\rewrite.php(44): require_once('C:\\laragon\\www\\CODEIGNITER-4-CRUD-main\\public\\index.php')
CRITICAL - 2024-09-30 11:42:08 --> ErrorException: Undefined variable $STATUS
[Method: POST, Route: actionInsert]
in APPPATH\Controllers\Home.php on line 58.
 1 APPPATH\Controllers\Home.php(58): CodeIgniter\Debug\Exceptions->errorHandler(2, 'Undefined variable $STATUS', 'C:\\laragon\\www\\CODEIGNITER-4-CRUD-main\\app\\Controllers\\Home.php', 58)
 2 SYSTEMPATH\CodeIgniter.php(933): App\Controllers\Home->actionInsert()
 3 SYSTEMPATH\CodeIgniter.php(509): CodeIgniter\CodeIgniter->runController(Object(App\Controllers\Home))
 4 SYSTEMPATH\CodeIgniter.php(355): CodeIgniter\CodeIgniter->handleRequest(null, Object(Config\Cache), false)
 5 SYSTEMPATH\Boot.php(325): CodeIgniter\CodeIgniter->run()
 6 SYSTEMPATH\Boot.php(67): CodeIgniter\Boot::runCodeIgniter(Object(CodeIgniter\CodeIgniter))
 7 FCPATH\index.php(56): CodeIgniter\Boot::bootWeb(Object(Config\Paths))
 8 SYSTEMPATH\rewrite.php(44): require_once('C:\\laragon\\www\\CODEIGNITER-4-CRUD-main\\public\\index.php')
